Using pre-set license
Built from '2020.3/release' branch; Version is '2020.3.2f1 (8fd9074bf66c) revision 9427207'; Using compiler version '192528614'; Build Type 'Release'
OS: 'Windows 10 Home; OS build 19041.1288; Version 2004; 64bit' Language: 'en' Physical Memory: 16217 MB
BatchMode: 1, IsHumanControllingUs: 0, StartBugReporterOnCrash: 0, Is64bit: 1, IsPro: 0

 COMMAND LINE ARGUMENTS:
C:\Program Files\Unity\Hub\Editor\2020.3.2f1\Editor\Unity.exe
-adb2
-batchMode
-noUpm
-name
AssetImportWorker0
-projectPath
C:/Users/Allen/Downloads/IGME320/On Track
-logFile
Logs/AssetImportWorker0.log
-srvPort
53434
Successfully changed project path to: C:/Users/Allen/Downloads/IGME320/On Track
C:/Users/Allen/Downloads/IGME320/On Track
Using Asset Import Pipeline V2.
Refreshing native plugins compatible for Editor in 52.34 ms, found 1 plugins.
Preloading 0 native plugins for Editor in 0.00 ms.
Initialize engine version: 2020.3.2f1 (8fd9074bf66c)
[Subsystems] Discovering subsystems at path C:/Program Files/Unity/Hub/Editor/2020.3.2f1/Editor/Data/Resources/UnitySubsystems
[Subsystems] Discovering subsystems at path C:/Users/Allen/Downloads/IGME320/On Track/Assets
GfxDevice: creating device client; threaded=0
Direct3D:
    Version:  Direct3D 11.0 [level 11.1]
    Renderer: Intel(R) UHD Graphics 620 (ID=0x5917)
    Vendor:   
    VRAM:     8108 MB
    Driver:   26.20.100.7263
Initialize mono
Mono path[0] = 'C:/Program Files/Unity/Hub/Editor/2020.3.2f1/Editor/Data/Managed'
Mono path[1] = 'C:/Program Files/Unity/Hub/Editor/2020.3.2f1/Editor/Data/MonoBleedingEdge/lib/mono/unityjit'
Mono config path = 'C:/Program Files/Unity/Hub/Editor/2020.3.2f1/Editor/Data/MonoBleedingEdge/etc'
Using monoOptions --debugger-agent=transport=dt_socket,embedding=1,server=y,suspend=n,address=127.0.0.1:56812
Begin MonoManager ReloadAssembly
Registering precompiled unity dll's ...
Register platform support module: C:/Program Files/Unity/Hub/Editor/2020.3.2f1/Editor/Data/PlaybackEngines/WindowsStandaloneSupport/UnityEditor.WindowsStandalone.Extensions.dll
Registered in 0.003940 seconds.
Native extension for WindowsStandalone target not found
Refreshing native plugins compatible for Editor in 54.29 ms, found 1 plugins.
Preloading 0 native plugins for Editor in 0.00 ms.
Invoked RoslynAnalysisRunner static constructor.
RoslynAnalysisRunner will not be running.
RoslynAnalysisRunner has terminated.
Mono: successfully reloaded assembly
- Completed reload, in  1.524 seconds
Platform modules already initialized, skipping
Registering precompiled user dll's ...
Registered in 0.002192 seconds.
Begin MonoManager ReloadAssembly
Native extension for WindowsStandalone target not found
Refreshing native plugins compatible for Editor in 81.44 ms, found 1 plugins.
Preloading 0 native plugins for Editor in 0.00 ms.
Invoked RoslynAnalysisRunner static constructor.
RoslynAnalysisRunner will not be running.
RoslynAnalysisRunner has terminated.
Mono: successfully reloaded assembly
- Completed reload, in  2.141 seconds
Platform modules already initialized, skipping
========================================================================
Worker process is ready to serve import requests
Launched and connected shader compiler UnityShaderCompiler.exe after 0.07 seconds
Refreshing native plugins compatible for Editor in 1.12 ms, found 1 plugins.
Preloading 0 native plugins for Editor in 0.00 ms.
Unloading 1810 Unused Serialized files (Serialized files now loaded: 0)
System memory in use before: 84.8 MB.
System memory in use after: 84.9 MB.

Unloading 19 unused Assets to reduce memory usage. Loaded Objects now: 2258.
Total: 4.676300 ms (FindLiveObjects: 0.439700 ms CreateObjectMapping: 0.111100 ms MarkObjects: 3.993600 ms  DeleteObjects: 0.129200 ms)

========================================================================
Received Prepare
Refreshing native plugins compatible for Editor in 2.76 ms, found 1 plugins.
Preloading 0 native plugins for Editor in 0.00 ms.
Unloading 5 Unused Serialized files (Serialized files now loaded: 0)
System memory in use before: 48.6 MB.
System memory in use after: 48.7 MB.

Unloading 5 unused Assets to reduce memory usage. Loaded Objects now: 2258.
Total: 3.915200 ms (FindLiveObjects: 0.476800 ms CreateObjectMapping: 0.147500 ms MarkObjects: 3.261000 ms  DeleteObjects: 0.027600 ms)

========================================================================
Received Import Request.
  path: Assets/Scripts/Allen/RuneClass.cs
  artifactKey: Guid(d2ca57c2538081241b1d62b500e698ef) Importer(815301076,1909f56bfc062723c751e8b465ee728b)
Start importing Assets/Scripts/Allen/RuneClass.cs using Guid(d2ca57c2538081241b1d62b500e698ef) Importer(815301076,1909f56bfc062723c751e8b465ee728b)  -> (artifact id: '58017734c08ad8df838639fc3377025e') in 0.064215 seconds
  Import took 0.069047 seconds .

========================================================================
Received Import Request.
  Time since last request: 0.004655 seconds.
  path: Assets/Scripts/Allen/RuneClass.cs
  artifactKey: Guid(d2ca57c2538081241b1d62b500e698ef) Importer(815301076,1909f56bfc062723c751e8b465ee728b)
Start importing Assets/Scripts/Allen/RuneClass.cs using Guid(d2ca57c2538081241b1d62b500e698ef) Importer(815301076,1909f56bfc062723c751e8b465ee728b)  -> (artifact id: '58017734c08ad8df838639fc3377025e') in 0.003679 seconds
  Import took 0.010493 seconds .

========================================================================
Received Prepare
Registering precompiled user dll's ...
Registered in 0.001341 seconds.
Begin MonoManager ReloadAssembly
Native extension for WindowsStandalone target not found
Refreshing native plugins compatible for Editor in 0.43 ms, found 1 plugins.
Preloading 0 native plugins for Editor in 0.00 ms.
Invoked RoslynAnalysisRunner static constructor.
RoslynAnalysisRunner will not be running.
RoslynAnalysisRunner has terminated.
Mono: successfully reloaded assembly
- Completed reload, in  1.258 seconds
Platform modules already initialized, skipping
Refreshing native plugins compatible for Editor in 0.46 ms, found 1 plugins.
Preloading 0 native plugins for Editor in 0.00 ms.
Unloading 1800 Unused Serialized files (Serialized files now loaded: 0)
System memory in use before: 84.3 MB.
System memory in use after: 84.4 MB.

Unloading 7 unused Assets to reduce memory usage. Loaded Objects now: 2262.
Total: 4.086400 ms (FindLiveObjects: 0.333400 ms CreateObjectMapping: 0.113000 ms MarkObjects: 3.587400 ms  DeleteObjects: 0.051100 ms)

========================================================================
Received Import Request.
  Time since last request: 108.121870 seconds.
  path: Assets/Scripts/Allen/RuneClass.cs
  artifactKey: Guid(d2ca57c2538081241b1d62b500e698ef) Importer(815301076,1909f56bfc062723c751e8b465ee728b)
Start importing Assets/Scripts/Allen/RuneClass.cs using Guid(d2ca57c2538081241b1d62b500e698ef) Importer(815301076,1909f56bfc062723c751e8b465ee728b)  -> (artifact id: 'd6b52196b4a31b89c2854d2f69658985') in 0.006247 seconds
  Import took 0.016799 seconds .

========================================================================
Received Prepare
Registering precompiled user dll's ...
Registered in 0.000936 seconds.
Begin MonoManager ReloadAssembly
Native extension for WindowsStandalone target not found
Refreshing native plugins compatible for Editor in 0.42 ms, found 1 plugins.
Preloading 0 native plugins for Editor in 0.00 ms.
Invoked RoslynAnalysisRunner static constructor.
RoslynAnalysisRunner will not be running.
RoslynAnalysisRunner has terminated.
Mono: successfully reloaded assembly
- Completed reload, in  1.411 seconds
Platform modules already initialized, skipping
Refreshing native plugins compatible for Editor in 0.37 ms, found 1 plugins.
Preloading 0 native plugins for Editor in 0.00 ms.
Unloading 1800 Unused Serialized files (Serialized files now loaded: 0)
System memory in use before: 84.3 MB.
System memory in use after: 84.5 MB.

Unloading 7 unused Assets to reduce memory usage. Loaded Objects now: 2266.
Total: 2.987100 ms (FindLiveObjects: 0.339300 ms CreateObjectMapping: 0.146200 ms MarkObjects: 2.471700 ms  DeleteObjects: 0.028300 ms)

========================================================================
Received Import Request.
  Time since last request: 27.033232 seconds.
  path: Assets/Scripts/Allen/RuneClass.cs
  artifactKey: Guid(d2ca57c2538081241b1d62b500e698ef) Importer(815301076,1909f56bfc062723c751e8b465ee728b)
Start importing Assets/Scripts/Allen/RuneClass.cs using Guid(d2ca57c2538081241b1d62b500e698ef) Importer(815301076,1909f56bfc062723c751e8b465ee728b)  -> (artifact id: '538c1fba46f07fc64de4a061acfb6002') in 0.006406 seconds
  Import took 0.011478 seconds .

========================================================================
Received Import Request.
  Time since last request: 251.415788 seconds.
  path: Assets/Prefabs/Allen/Button.prefab
  artifactKey: Guid(1feb3d1741466d440ab2af1af29e048b) Importer(815301076,1909f56bfc062723c751e8b465ee728b)
Start importing Assets/Prefabs/Allen/Button.prefab using Guid(1feb3d1741466d440ab2af1af29e048b) Importer(815301076,1909f56bfc062723c751e8b465ee728b)  -> (artifact id: '9a482a9f7d38d96d1845aaded074bee6') in 0.059600 seconds
  Import took 0.065976 seconds .

========================================================================
Received Import Request.
  Time since last request: 0.001685 seconds.
  path: Assets/Prefabs/Allen/Button.prefab
  artifactKey: Guid(1feb3d1741466d440ab2af1af29e048b) Importer(815301076,1909f56bfc062723c751e8b465ee728b)
Start importing Assets/Prefabs/Allen/Button.prefab using Guid(1feb3d1741466d440ab2af1af29e048b) Importer(815301076,1909f56bfc062723c751e8b465ee728b)  -> (artifact id: '9a482a9f7d38d96d1845aaded074bee6') in 0.005278 seconds
  Import took 0.009312 seconds .

========================================================================
Received Import Request.
  Time since last request: 15.365018 seconds.
  path: Assets/Prefabs/Allen/Canvas.prefab
  artifactKey: Guid(47c340dd0339f3f4d9cf0202e894e84f) Importer(815301076,1909f56bfc062723c751e8b465ee728b)
Start importing Assets/Prefabs/Allen/Canvas.prefab using Guid(47c340dd0339f3f4d9cf0202e894e84f) Importer(815301076,1909f56bfc062723c751e8b465ee728b)  -> (artifact id: '34b68b0c51bfabb75f3e9ed43046e477') in 0.015184 seconds
  Import took 0.019170 seconds .

========================================================================
Received Import Request.
  Time since last request: 0.001150 seconds.
  path: Assets/Prefabs/Allen/Canvas.prefab
  artifactKey: Guid(47c340dd0339f3f4d9cf0202e894e84f) Importer(815301076,1909f56bfc062723c751e8b465ee728b)
Start importing Assets/Prefabs/Allen/Canvas.prefab using Guid(47c340dd0339f3f4d9cf0202e894e84f) Importer(815301076,1909f56bfc062723c751e8b465ee728b)  -> (artifact id: '34b68b0c51bfabb75f3e9ed43046e477') in 0.005050 seconds
  Import took 0.008940 seconds .

========================================================================
Received Import Request.
  Time since last request: 60.003431 seconds.
  path: Assets/Scenes/AllenTesting.unity
  artifactKey: Guid(d06f773db0daff9408a2c5e00a0f782a) Importer(815301076,1909f56bfc062723c751e8b465ee728b)
Start importing Assets/Scenes/AllenTesting.unity using Guid(d06f773db0daff9408a2c5e00a0f782a) Importer(815301076,1909f56bfc062723c751e8b465ee728b)  -> (artifact id: 'd15df368af5f08f148c80547a0f33e3b') in 0.004901 seconds
  Import took 0.008743 seconds .

========================================================================
Received Import Request.
  Time since last request: 0.002910 seconds.
  path: Assets/Scenes/AllenTesting.unity
  artifactKey: Guid(d06f773db0daff9408a2c5e00a0f782a) Importer(815301076,1909f56bfc062723c751e8b465ee728b)
Start importing Assets/Scenes/AllenTesting.unity using Guid(d06f773db0daff9408a2c5e00a0f782a) Importer(815301076,1909f56bfc062723c751e8b465ee728b)  -> (artifact id: 'd15df368af5f08f148c80547a0f33e3b') in 0.003255 seconds
  Import took 0.007179 seconds .

========================================================================
Received Prepare
Registering precompiled user dll's ...
Registered in 0.001076 seconds.
Begin MonoManager ReloadAssembly
Native extension for WindowsStandalone target not found
Refreshing native plugins compatible for Editor in 0.40 ms, found 1 plugins.
Preloading 0 native plugins for Editor in 0.00 ms.
Invoked RoslynAnalysisRunner static constructor.
RoslynAnalysisRunner will not be running.
RoslynAnalysisRunner has terminated.
Mono: successfully reloaded assembly
- Completed reload, in  1.034 seconds
Platform modules already initialized, skipping
Refreshing native plugins compatible for Editor in 0.45 ms, found 1 plugins.
Preloading 0 native plugins for Editor in 0.00 ms.
Unloading 1800 Unused Serialized files (Serialized files now loaded: 0)
System memory in use before: 84.5 MB.
System memory in use after: 84.6 MB.

Unloading 8 unused Assets to reduce memory usage. Loaded Objects now: 2272.
Total: 3.608200 ms (FindLiveObjects: 0.200300 ms CreateObjectMapping: 0.060700 ms MarkObjects: 3.313400 ms  DeleteObjects: 0.032400 ms)

========================================================================
Received Import Request.
  Time since last request: 138.522096 seconds.
  path: Assets/Scripts/Allen/ButtonClick.cs
  artifactKey: Guid(afa3c4e0ecb723948b8304a9ac171a3d) Importer(815301076,1909f56bfc062723c751e8b465ee728b)
Start importing Assets/Scripts/Allen/ButtonClick.cs using Guid(afa3c4e0ecb723948b8304a9ac171a3d) Importer(815301076,1909f56bfc062723c751e8b465ee728b)  -> (artifact id: 'd73a47a0af7f8e1c5dd59f07a4fa6d50') in 0.013198 seconds
  Import took 0.023236 seconds .

========================================================================
Received Prepare
Registering precompiled user dll's ...
Registered in 0.001322 seconds.
Begin MonoManager ReloadAssembly
Native extension for WindowsStandalone target not found
Refreshing native plugins compatible for Editor in 0.73 ms, found 1 plugins.
Preloading 0 native plugins for Editor in 0.00 ms.
Invoked RoslynAnalysisRunner static constructor.
RoslynAnalysisRunner will not be running.
RoslynAnalysisRunner has terminated.
Mono: successfully reloaded assembly
- Completed reload, in  1.623 seconds
Platform modules already initialized, skipping
Refreshing native plugins compatible for Editor in 0.38 ms, found 1 plugins.
Preloading 0 native plugins for Editor in 0.00 ms.
Unloading 1801 Unused Serialized files (Serialized files now loaded: 0)
System memory in use before: 84.5 MB.
System memory in use after: 84.6 MB.

Unloading 7 unused Assets to reduce memory usage. Loaded Objects now: 2277.
Total: 7.335000 ms (FindLiveObjects: 0.537000 ms CreateObjectMapping: 0.264200 ms MarkObjects: 6.475000 ms  DeleteObjects: 0.055100 ms)

========================================================================
Received Import Request.
  Time since last request: 93.390486 seconds.
  path: Assets/Scripts/Allen/ButtonClick.cs
  artifactKey: Guid(afa3c4e0ecb723948b8304a9ac171a3d) Importer(815301076,1909f56bfc062723c751e8b465ee728b)
Start importing Assets/Scripts/Allen/ButtonClick.cs using Guid(afa3c4e0ecb723948b8304a9ac171a3d) Importer(815301076,1909f56bfc062723c751e8b465ee728b)  -> (artifact id: 'd9f8180d8ea02cb76950e0c5c4d77e82') in 0.008926 seconds
  Import took 0.015647 seconds .

========================================================================
Received Import Request.
  Time since last request: 0.000736 seconds.
  path: Assets/Scripts/Allen/ButtonClick.cs
  artifactKey: Guid(afa3c4e0ecb723948b8304a9ac171a3d) Importer(815301076,1909f56bfc062723c751e8b465ee728b)
Start importing Assets/Scripts/Allen/ButtonClick.cs using Guid(afa3c4e0ecb723948b8304a9ac171a3d) Importer(815301076,1909f56bfc062723c751e8b465ee728b)  -> (artifact id: 'd9f8180d8ea02cb76950e0c5c4d77e82') in 0.004308 seconds
  Import took 0.010429 seconds .

========================================================================
Received Prepare
Registering precompiled user dll's ...
Registered in 0.001172 seconds.
Begin MonoManager ReloadAssembly
Native extension for WindowsStandalone target not found
Refreshing native plugins compatible for Editor in 0.37 ms, found 1 plugins.
Preloading 0 native plugins for Editor in 0.00 ms.
Invoked RoslynAnalysisRunner static constructor.
RoslynAnalysisRunner will not be running.
RoslynAnalysisRunner has terminated.
Mono: successfully reloaded assembly
- Completed reload, in  1.073 seconds
Platform modules already initialized, skipping
Refreshing native plugins compatible for Editor in 0.55 ms, found 1 plugins.
Preloading 0 native plugins for Editor in 0.00 ms.
Unloading 1801 Unused Serialized files (Serialized files now loaded: 0)
System memory in use before: 84.5 MB.
System memory in use after: 84.6 MB.

Unloading 7 unused Assets to reduce memory usage. Loaded Objects now: 2281.
Total: 2.946700 ms (FindLiveObjects: 0.273600 ms CreateObjectMapping: 0.157200 ms MarkObjects: 2.494300 ms  DeleteObjects: 0.020400 ms)

========================================================================
Received Import Request.
  Time since last request: 23.346239 seconds.
  path: Assets/Scripts/Allen/ButtonClick.cs
  artifactKey: Guid(afa3c4e0ecb723948b8304a9ac171a3d) Importer(815301076,1909f56bfc062723c751e8b465ee728b)
Start importing Assets/Scripts/Allen/ButtonClick.cs using Guid(afa3c4e0ecb723948b8304a9ac171a3d) Importer(815301076,1909f56bfc062723c751e8b465ee728b)  -> (artifact id: 'f6a70f31705cf0da1266ca8b4dcbb5bb') in 0.009502 seconds
  Import took 0.016581 seconds .

========================================================================
Received Import Request.
  Time since last request: 27.716586 seconds.
  path: Assets/Scripts/Allen/ButtonClick.cs
  artifactKey: Guid(afa3c4e0ecb723948b8304a9ac171a3d) Importer(815301076,1909f56bfc062723c751e8b465ee728b)
Start importing Assets/Scripts/Allen/ButtonClick.cs using Guid(afa3c4e0ecb723948b8304a9ac171a3d) Importer(815301076,1909f56bfc062723c751e8b465ee728b)  -> (artifact id: 'f261b17f871e76fb1e1cdc35e2759988') in 0.004341 seconds
  Import took 0.013971 seconds .

========================================================================
Received Import Request.
  Time since last request: 98.080788 seconds.
  path: Assets/Scripts/Allen/ButtonClick.cs
  artifactKey: Guid(afa3c4e0ecb723948b8304a9ac171a3d) Importer(815301076,1909f56bfc062723c751e8b465ee728b)
Start importing Assets/Scripts/Allen/ButtonClick.cs using Guid(afa3c4e0ecb723948b8304a9ac171a3d) Importer(815301076,1909f56bfc062723c751e8b465ee728b)  -> (artifact id: '92cc1127ac7a774bce4d9fe790ee5aab') in 0.003948 seconds
  Import took 0.008660 seconds .

========================================================================
Received Prepare
Registering precompiled user dll's ...
Registered in 0.001228 seconds.
Begin MonoManager ReloadAssembly
Native extension for WindowsStandalone target not found
Refreshing native plugins compatible for Editor in 0.35 ms, found 1 plugins.
Preloading 0 native plugins for Editor in 0.00 ms.
Invoked RoslynAnalysisRunner static constructor.
RoslynAnalysisRunner will not be running.
RoslynAnalysisRunner has terminated.
Mono: successfully reloaded assembly
- Completed reload, in  1.239 seconds
Platform modules already initialized, skipping
Refreshing native plugins compatible for Editor in 0.54 ms, found 1 plugins.
Preloading 0 native plugins for Editor in 0.00 ms.
Unloading 1801 Unused Serialized files (Serialized files now loaded: 0)
System memory in use before: 84.5 MB.
System memory in use after: 84.6 MB.

Unloading 7 unused Assets to reduce memory usage. Loaded Objects now: 2285.
Total: 2.741000 ms (FindLiveObjects: 0.323900 ms CreateObjectMapping: 0.112000 ms MarkObjects: 2.266400 ms  DeleteObjects: 0.037700 ms)

========================================================================
Received Import Request.
  Time since last request: 157.146301 seconds.
  path: Assets/Scripts/Allen/ButtonClick.cs
  artifactKey: Guid(afa3c4e0ecb723948b8304a9ac171a3d) Importer(815301076,1909f56bfc062723c751e8b465ee728b)
Start importing Assets/Scripts/Allen/ButtonClick.cs using Guid(afa3c4e0ecb723948b8304a9ac171a3d) Importer(815301076,1909f56bfc062723c751e8b465ee728b)  -> (artifact id: 'e1b13975d52724bc5ee2da6be61008e9') in 0.008414 seconds
  Import took 0.012148 seconds .

========================================================================
Received Import Request.
  Time since last request: 1.239564 seconds.
  path: Assets/Scripts/Allen/RuneClass.cs
  artifactKey: Guid(d2ca57c2538081241b1d62b500e698ef) Importer(815301076,1909f56bfc062723c751e8b465ee728b)
Start importing Assets/Scripts/Allen/RuneClass.cs using Guid(d2ca57c2538081241b1d62b500e698ef) Importer(815301076,1909f56bfc062723c751e8b465ee728b)  -> (artifact id: '113b6845ac472465271f6d2e22e7cb77') in 0.002532 seconds
  Import took 0.005920 seconds .

========================================================================
Received Import Request.
  Time since last request: 0.000766 seconds.
  path: Assets/Scripts/Allen/RuneClass.cs
  artifactKey: Guid(d2ca57c2538081241b1d62b500e698ef) Importer(815301076,1909f56bfc062723c751e8b465ee728b)
Start importing Assets/Scripts/Allen/RuneClass.cs using Guid(d2ca57c2538081241b1d62b500e698ef) Importer(815301076,1909f56bfc062723c751e8b465ee728b)  -> (artifact id: '113b6845ac472465271f6d2e22e7cb77') in 0.003783 seconds
  Import took 0.007523 seconds .

========================================================================
Received Prepare
Registering precompiled user dll's ...
Registered in 0.001135 seconds.
Begin MonoManager ReloadAssembly
Native extension for WindowsStandalone target not found
Refreshing native plugins compatible for Editor in 0.46 ms, found 1 plugins.
Preloading 0 native plugins for Editor in 0.00 ms.
Invoked RoslynAnalysisRunner static constructor.
RoslynAnalysisRunner will not be running.
RoslynAnalysisRunner has terminated.
Mono: successfully reloaded assembly
- Completed reload, in  1.204 seconds
Platform modules already initialized, skipping
Refreshing native plugins compatible for Editor in 0.40 ms, found 1 plugins.
Preloading 0 native plugins for Editor in 0.00 ms.
Unloading 1799 Unused Serialized files (Serialized files now loaded: 0)
System memory in use before: 84.5 MB.
System memory in use after: 84.6 MB.

Unloading 9 unused Assets to reduce memory usage. Loaded Objects now: 2287.
Total: 2.543900 ms (FindLiveObjects: 0.215500 ms CreateObjectMapping: 0.095500 ms MarkObjects: 2.208800 ms  DeleteObjects: 0.022700 ms)

========================================================================
Received Import Request.
  Time since last request: 222.951689 seconds.
  path: Assets/Media/Allen/OnTrackGameUI.png
  artifactKey: Guid(76415261c0fd4de44ba58fae156c0f00) Importer(815301076,1909f56bfc062723c751e8b465ee728b)
Start importing Assets/Media/Allen/OnTrackGameUI.png using Guid(76415261c0fd4de44ba58fae156c0f00) Importer(815301076,1909f56bfc062723c751e8b465ee728b)  -> (artifact id: 'd7d5eae54f80db141c83e91d7ca505be') in 0.102306 seconds
  Import took 0.106440 seconds .

========================================================================
Received Import Request.
  Time since last request: 162.040388 seconds.
  path: Assets/Scripts/Allen/RuneClick.cs
  artifactKey: Guid(e42879dcb68bc024088dc5b0431d67e0) Importer(815301076,1909f56bfc062723c751e8b465ee728b)
Start importing Assets/Scripts/Allen/RuneClick.cs using Guid(e42879dcb68bc024088dc5b0431d67e0) Importer(815301076,1909f56bfc062723c751e8b465ee728b)  -> (artifact id: '8d4715a6c96b854e4d9306ebef92ed11') in 0.011613 seconds
  Import took 0.016405 seconds .

========================================================================
Received Prepare
Registering precompiled user dll's ...
Registered in 0.001276 seconds.
Begin MonoManager ReloadAssembly
Native extension for WindowsStandalone target not found
Refreshing native plugins compatible for Editor in 0.80 ms, found 1 plugins.
Preloading 0 native plugins for Editor in 0.00 ms.
Invoked RoslynAnalysisRunner static constructor.
RoslynAnalysisRunner will not be running.
RoslynAnalysisRunner has terminated.
Mono: successfully reloaded assembly
- Completed reload, in  1.464 seconds
Platform modules already initialized, skipping
Refreshing native plugins compatible for Editor in 0.42 ms, found 1 plugins.
Preloading 0 native plugins for Editor in 0.00 ms.
Unloading 1800 Unused Serialized files (Serialized files now loaded: 0)
System memory in use before: 87.6 MB.
System memory in use after: 87.7 MB.

Unloading 7 unused Assets to reduce memory usage. Loaded Objects now: 2298.
Total: 2.536600 ms (FindLiveObjects: 0.268200 ms CreateObjectMapping: 0.081000 ms MarkObjects: 2.160400 ms  DeleteObjects: 0.025600 ms)

========================================================================
Received Prepare
Registering precompiled user dll's ...
Registered in 0.001299 seconds.
Begin MonoManager ReloadAssembly
Native extension for WindowsStandalone target not found
Refreshing native plugins compatible for Editor in 0.43 ms, found 1 plugins.
Preloading 0 native plugins for Editor in 0.00 ms.
Invoked RoslynAnalysisRunner static constructor.
RoslynAnalysisRunner will not be running.
RoslynAnalysisRunner has terminated.
Mono: successfully reloaded assembly
- Completed reload, in  1.213 seconds
Platform modules already initialized, skipping
Refreshing native plugins compatible for Editor in 0.45 ms, found 1 plugins.
Preloading 0 native plugins for Editor in 0.00 ms.
Unloading 1800 Unused Serialized files (Serialized files now loaded: 0)
System memory in use before: 87.6 MB.
System memory in use after: 87.7 MB.

Unloading 7 unused Assets to reduce memory usage. Loaded Objects now: 2302.
Total: 4.793600 ms (FindLiveObjects: 0.450200 ms CreateObjectMapping: 0.269300 ms MarkObjects: 4.030600 ms  DeleteObjects: 0.042200 ms)

========================================================================
Received Prepare
Registering precompiled user dll's ...
Registered in 0.001111 seconds.
Begin MonoManager ReloadAssembly
Native extension for WindowsStandalone target not found
Refreshing native plugins compatible for Editor in 0.51 ms, found 1 plugins.
Preloading 0 native plugins for Editor in 0.00 ms.
Invoked RoslynAnalysisRunner static constructor.
RoslynAnalysisRunner will not be running.
RoslynAnalysisRunner has terminated.
Mono: successfully reloaded assembly
- Completed reload, in  0.982 seconds
Platform modules already initialized, skipping
Refreshing native plugins compatible for Editor in 0.41 ms, found 1 plugins.
Preloading 0 native plugins for Editor in 0.00 ms.
Unloading 1800 Unused Serialized files (Serialized files now loaded: 0)
System memory in use before: 87.6 MB.
System memory in use after: 87.7 MB.

Unloading 7 unused Assets to reduce memory usage. Loaded Objects now: 2306.
Total: 2.846600 ms (FindLiveObjects: 0.217100 ms CreateObjectMapping: 0.071500 ms MarkObjects: 2.517700 ms  DeleteObjects: 0.039000 ms)

========================================================================
Received Prepare
Registering precompiled user dll's ...
Registered in 0.001411 seconds.
Begin MonoManager ReloadAssembly
Native extension for WindowsStandalone target not found
Refreshing native plugins compatible for Editor in 0.75 ms, found 1 plugins.
Preloading 0 native plugins for Editor in 0.00 ms.
Invoked RoslynAnalysisRunner static constructor.
RoslynAnalysisRunner will not be running.
RoslynAnalysisRunner has terminated.
Mono: successfully reloaded assembly
- Completed reload, in  1.235 seconds
Platform modules already initialized, skipping
Refreshing native plugins compatible for Editor in 0.42 ms, found 1 plugins.
Preloading 0 native plugins for Editor in 0.00 ms.
Unloading 1800 Unused Serialized files (Serialized files now loaded: 0)
System memory in use before: 87.6 MB.
System memory in use after: 87.7 MB.

Unloading 7 unused Assets to reduce memory usage. Loaded Objects now: 2310.
Total: 3.791800 ms (FindLiveObjects: 0.333500 ms CreateObjectMapping: 0.181500 ms MarkObjects: 3.256800 ms  DeleteObjects: 0.019000 ms)

AssetImportWorkerClient::OnTransportError - code=2 error=End of file
